#
# There is insufficient memory for the Java Runtime Environment to continue.
# Native memory allocation (mmap) failed to map 264241152 bytes for G1 virtual space
# Possible reasons:
#   The system is out of physical RAM or swap space
#   The process is running with CompressedOops enabled, and the Java Heap may be blocking the growth of the native heap
# Possible solutions:
#   Reduce memory load on the system
#   Increase physical memory or swap space
#   Check if swap backing store is full
#   Decrease Java heap size (-Xmx/-Xms)
#   Decrease number of Java threads
#   Decrease Java thread stack sizes (-Xss)
#   Set larger code cache with -XX:ReservedCodeCacheSize=
#   JVM is running with Zero Based Compressed Oops mode in which the Java heap is
#     placed in the first 32GB address space. The Java Heap base address is the
#     maximum limit for the native heap growth. Please use -XX:HeapBaseMinAddress
#     to set the Java Heap base and to place the Java Heap above 32GB virtual address.
# This output file may be truncated or incomplete.
#
#  Out of Memory Error (os_windows.cpp:3548), pid=9080, tid=15124
#
# JRE version:  (17.0.12+8) (build )
# Java VM: Java HotSpot(TM) 64-Bit Server VM (17.0.12+8-LTS-286, mixed mode, emulated-client, sharing, tiered, compressed oops, compressed class ptrs, g1 gc, windows-amd64)
# No core dump will be written. Minidumps are not enabled by default on client versions of Windows
#

---------------  S U M M A R Y ------------

Command Line: -Dcom.sun.management.jmxremote -Dcom.sun.management.jmxremote.port=50060 -Dcom.sun.management.jmxremote.authenticate=false -Dcom.sun.management.jmxremote.ssl=false -Djava.rmi.server.hostname=localhost -Dspring.jmx.enabled=true -Dspring.application.admin.enabled=true -XX:TieredStopAtLevel=1 -Dspring.boot.project.name=FinalProject -Dfile.encoding=UTF-8 -XX:+ShowCodeDetailsInExceptionMessages com.smhrd.FinalProjectApplication

Host: 12th Gen Intel(R) Core(TM) i7-12700H, 20 cores, 15G,  Windows 11 , 64 bit Build 22621 (10.0.22621.3672)
Time: Wed Aug 21 11:43:24 2024  Windows 11 , 64 bit Build 22621 (10.0.22621.3672) elapsed time: 0.015778 seconds (0d 0h 0m 0s)

---------------  T H R E A D  ---------------

Current thread (0x000001dae0466160):  JavaThread "Unknown thread" [_thread_in_vm, id=15124, stack(0x0000000ff0100000,0x0000000ff0200000)]

Stack: [0x0000000ff0100000,0x0000000ff0200000]
Native frames: (J=compiled Java code, j=interpreted, Vv=VM code, C=native code)
V  [jvm.dll+0x67a04a]
V  [jvm.dll+0x7da4ed]
V  [jvm.dll+0x7dbe33]
V  [jvm.dll+0x7dc4a3]
V  [jvm.dll+0x24508f]
V  [jvm.dll+0x677089]
V  [jvm.dll+0x66bd32]
V  [jvm.dll+0x301fa6]
V  [jvm.dll+0x309546]
V  [jvm.dll+0x359d2e]
V  [jvm.dll+0x359f5f]
V  [jvm.dll+0x2d9078]
V  [jvm.dll+0x2d9fe4]
V  [jvm.dll+0x7aca21]
V  [jvm.dll+0x367591]
V  [jvm.dll+0x78b999]
V  [jvm.dll+0x3ec83f]
V  [jvm.dll+0x3ee471]
C  [jli.dll+0x5297]
C  [ucrtbase.dll+0x29333]
C  [KERNEL32.DLL+0x1257d]
C  [ntdll.dll+0x5af28]


---------------  P R O C E S S  ---------------

Threads class SMR info:
_java_thread_list=0x00007ffe29537a18, length=0, elements={
}

Java Threads: ( => current thread )

Other Threads:
  0x000001dae04d4440 GCTaskThread "GC Thread#0" [stack: 0x0000000ff0200000,0x0000000ff0300000] [id=1764]
  0x000001dae04e5510 ConcurrentGCThread "G1 Main Marker" [stack: 0x0000000ff0300000,0x0000000ff0400000] [id=11020]
  0x000001dae04e5e30 ConcurrentGCThread "G1 Conc#0" [stack: 0x0000000ff0400000,0x0000000ff0500000] [id=10740]

[error occurred during error reporting (printing all threads), id 0xc0000005, EXCEPTION_ACCESS_VIOLATION (0xc0000005) at pc=0x00007ffe28d69b67]

VM state: not at safepoint (not fully initialized)

VM Mutex/Monitor currently owned by a thread:  ([mutex/lock_event])
[0x000001dae0462970] Heap_lock - owner thread: 0x000001dae0466160

Heap address: 0x0000000705200000, size: 4014 MB, Compressed Oops mode: Zero based, Oop shift amount: 3

CDS archive(s) mapped at: [0x0000000000000000-0x0000000000000000-0x0000000000000000), size 0, SharedBaseAddress: 0x0000000800000000, ArchiveRelocationMode: 1.
Narrow klass base: 0x0000000000000000, Narrow klass shift: 0, Narrow klass range: 0x0

GC Precious Log:
<Empty>

Heap:
 garbage-first heap   total 0K, used 0K [0x0000000705200000, 0x0000000800000000)
  region size 2048K, 0 young (0K), 0 survivors (0K)

[error occurred during error reporting (printing heap information), id 0xc0000005, EXCEPTION_ACCESS_VIOLATION (0xc0000005) at pc=0x00007ffe29153859]

GC Heap History (0 events):
No events

Deoptimization events (0 events):
No events

Classes unloaded (0 events):
No events

Classes redefined (0 events):
No events

Internal exceptions (0 events):
No events

VM Operations (0 events):
No events

Events (1 events):
Event: 0.006 Loaded shared library C:\Program Files\Java\jdk-17\bin\java.dll


Dynamic libraries:
0x00007ff6a6230000 - 0x00007ff6a6240000 	C:\Program Files\Java\jdk-17\bin\javaw.exe
0x00007ffea1df0000 - 0x00007ffea2007000 	C:\WINDOWS\SYSTEM32\ntdll.dll
0x00007ffea04f0000 - 0x00007ffea05b4000 	C:\WINDOWS\System32\KERNEL32.DLL
0x00007ffe9f410000 - 0x00007ffe9f7bd000 	C:\WINDOWS\System32\KERNELBASE.dll
0x00007ffe9f7c0000 - 0x00007ffe9f8d1000 	C:\WINDOWS\System32\ucrtbase.dll
0x00007ffe99410000 - 0x00007ffe9942b000 	C:\Program Files\Java\jdk-17\bin\VCRUNTIME140.dll
0x00007ffe97e10000 - 0x00007ffe97e29000 	C:\Program Files\Java\jdk-17\bin\jli.dll
0x00007ffea13e0000 - 0x00007ffea1492000 	C:\WINDOWS\System32\ADVAPI32.dll
0x00007ffea07b0000 - 0x00007ffea0857000 	C:\WINDOWS\System32\msvcrt.dll
0x00007ffea1330000 - 0x00007ffea13d9000 	C:\WINDOWS\System32\sechost.dll
0x00007ffe9f3e0000 - 0x00007ffe9f408000 	C:\WINDOWS\System32\bcrypt.dll
0x00007ffea1060000 - 0x00007ffea1174000 	C:\WINDOWS\System32\RPCRT4.dll
0x00007ffea05c0000 - 0x00007ffea076e000 	C:\WINDOWS\System32\USER32.dll
0x00007ffe803e0000 - 0x00007ffe80673000 	C:\WINDOWS\WinSxS\amd64_microsoft.windows.common-controls_6595b64144ccf1df_6.0.22621.3672_none_2713b9d173822955\COMCTL32.dll
0x00007ffe9f120000 - 0x00007ffe9f146000 	C:\WINDOWS\System32\win32u.dll
0x00007ffea1cf0000 - 0x00007ffea1d19000 	C:\WINDOWS\System32\GDI32.dll
0x00007ffe9f150000 - 0x00007ffe9f269000 	C:\WINDOWS\System32\gdi32full.dll
0x00007ffe9fa90000 - 0x00007ffe9fb2a000 	C:\WINDOWS\System32\msvcp_win.dll
0x00007ffe95720000 - 0x00007ffe9572a000 	C:\WINDOWS\SYSTEM32\VERSION.dll
0x00007ffea0770000 - 0x00007ffea07a1000 	C:\WINDOWS\System32\IMM32.DLL
0x00007ffe9be80000 - 0x00007ffe9be8c000 	C:\Program Files\Java\jdk-17\bin\vcruntime140_1.dll
0x00007ffe7ed00000 - 0x00007ffe7ed8e000 	C:\Program Files\Java\jdk-17\bin\msvcp140.dll
0x00007ffe28a80000 - 0x00007ffe29660000 	C:\Program Files\Java\jdk-17\bin\server\jvm.dll
0x00007ffea1da0000 - 0x00007ffea1da8000 	C:\WINDOWS\System32\PSAPI.DLL
0x00007ffe98d10000 - 0x00007ffe98d44000 	C:\WINDOWS\SYSTEM32\WINMM.dll
0x00007ffe75ce0000 - 0x00007ffe75ce9000 	C:\WINDOWS\SYSTEM32\WSOCK32.dll
0x00007ffea14b0000 - 0x00007ffea1521000 	C:\WINDOWS\System32\WS2_32.dll
0x00007ffe9e200000 - 0x00007ffe9e218000 	C:\WINDOWS\SYSTEM32\kernel.appcore.dll
0x00007ffe99400000 - 0x00007ffe9940a000 	C:\Program Files\Java\jdk-17\bin\jimage.dll
0x00007ffe9c2f0000 - 0x00007ffe9c522000 	C:\WINDOWS\SYSTEM32\DBGHELP.DLL
0x00007ffea1600000 - 0x00007ffea1988000 	C:\WINDOWS\System32\combase.dll
0x00007ffea1990000 - 0x00007ffea1a67000 	C:\WINDOWS\System32\OLEAUT32.dll
0x00007ffe93e60000 - 0x00007ffe93e92000 	C:\WINDOWS\SYSTEM32\dbgcore.DLL
0x00007ffe9f8e0000 - 0x00007ffe9f95b000 	C:\WINDOWS\System32\bcryptPrimitives.dll
0x00007ffe807a0000 - 0x00007ffe807c5000 	C:\Program Files\Java\jdk-17\bin\java.dll

dbghelp: loaded successfully - version: 4.0.5 - missing functions: none
symbol engine: initialized successfully - sym options: 0x614 - pdb path: .;C:\Program Files\Java\jdk-17\bin;C:\WINDOWS\SYSTEM32;C:\WINDOWS\WinSxS\amd64_microsoft.windows.common-controls_6595b64144ccf1df_6.0.22621.3672_none_2713b9d173822955;C:\Program Files\Java\jdk-17\bin\server

VM Arguments:
jvm_args: -Dcom.sun.management.jmxremote -Dcom.sun.management.jmxremote.port=50060 -Dcom.sun.management.jmxremote.authenticate=false -Dcom.sun.management.jmxremote.ssl=false -Djava.rmi.server.hostname=localhost -Dspring.jmx.enabled=true -Dspring.application.admin.enabled=true -XX:TieredStopAtLevel=1 -Dspring.boot.project.name=FinalProject -Dfile.encoding=UTF-8 -XX:+ShowCodeDetailsInExceptionMessages 
java_command: com.smhrd.FinalProjectApplication
java_class_path (initial): C:\eGovFrame-4.0.0\workspace.edu\FinalProject\target\classes;C:\eGovFrame-4.0.0\maven\repository\org\springframework\boot\spring-boot-starter-web\3.3.2\spring-boot-starter-web-3.3.2.jar;C:\eGovFrame-4.0.0\maven\repository\org\springframework\boot\spring-boot-starter\3.3.2\spring-boot-starter-3.3.2.jar;C:\eGovFrame-4.0.0\maven\repository\org\springframework\boot\spring-boot-starter-logging\3.3.2\spring-boot-starter-logging-3.3.2.jar;C:\eGovFrame-4.0.0\maven\repository\ch\qos\logback\logback-classic\1.5.6\logback-classic-1.5.6.jar;C:\eGovFrame-4.0.0\maven\repository\ch\qos\logback\logback-core\1.5.6\logback-core-1.5.6.jar;C:\eGovFrame-4.0.0\maven\repository\org\apache\logging\log4j\log4j-to-slf4j\2.23.1\log4j-to-slf4j-2.23.1.jar;C:\eGovFrame-4.0.0\maven\repository\org\apache\logging\log4j\log4j-api\2.23.1\log4j-api-2.23.1.jar;C:\eGovFrame-4.0.0\maven\repository\org\slf4j\jul-to-slf4j\2.0.13\jul-to-slf4j-2.0.13.jar;C:\eGovFrame-4.0.0\maven\repository\org\yaml\snakeyaml\2.2\snakeyaml-2.2.jar;C:\eGovFrame-4.0.0\maven\repository\org\springframework\boot\spring-boot-starter-json\3.3.2\spring-boot-starter-json-3.3.2.jar;C:\eGovFrame-4.0.0\maven\repository\com\fasterxml\jackson\core\jackson-databind\2.17.2\jackson-databind-2.17.2.jar;C:\eGovFrame-4.0.0\maven\repository\com\fasterxml\jackson\core\jackson-annotations\2.17.2\jackson-annotations-2.17.2.jar;C:\eGovFrame-4.0.0\maven\repository\com\fasterxml\jackson\core\jackson-core\2.17.2\jackson-core-2.17.2.jar;C:\eGovFrame-4.0.0\maven\repository\com\fasterxml\jackson\datatype\jackson-datatype-jdk8\2.17.2\jackson-datatype-jdk8-2.17.2.jar;C:\eGovFrame-4.0.0\maven\repository\com\fasterxml\jackson\datatype\jackson-datatype-jsr310\2.17.2\jackson-datatype-jsr310-2.17.2.jar;C:\eGovFrame-4.0.0\maven\repository\com\fasterxml\jackson\module\jackson-module-parameter-names\2.17.2\jackson-module-parameter-names-2.17.2.jar;C:\eGovFrame-4.0.0\maven\repository\org\springframework\spring-web\6.1.11\spring-web-6.1.11
Launcher Type: SUN_STANDARD

[Global flags]
     intx CICompilerCount                          = 12                                        {product} {ergonomic}
     uint ConcGCThreads                            = 4                                         {product} {ergonomic}
     uint G1ConcRefinementThreads                  = 15                                        {product} {ergonomic}
   size_t G1HeapRegionSize                         = 2097152                                   {product} {ergonomic}
    uintx GCDrainStackTargetSize                   = 64                                        {product} {ergonomic}
   size_t InitialHeapSize                          = 264241152                                 {product} {ergonomic}
     bool ManagementServer                         = true                                      {product} {command line}
   size_t MarkStackSize                            = 4194304                                   {product} {ergonomic}
   size_t MaxHeapSize                              = 4208984064                                {product} {ergonomic}
   size_t MinHeapDeltaBytes                        = 2097152                                   {product} {ergonomic}
   size_t MinHeapSize                              = 8388608                                   {product} {ergonomic}
    uintx NonProfiledCodeHeapSize                  = 0                                      {pd product} {ergonomic}
     bool ProfileInterpreter                       = false                                  {pd product} {command line}
    uintx ProfiledCodeHeapSize                     = 0                                      {pd product} {ergonomic}
     bool ShowCodeDetailsInExceptionMessages       = true                                   {manageable} {command line}
   size_t SoftMaxHeapSize                          = 4208984064                             {manageable} {ergonomic}
     intx TieredStopAtLevel                        = 1                                         {product} {command line}
     bool UseCompressedClassPointers               = true                           {product lp64_product} {ergonomic}
     bool UseCompressedOops                        = true                           {product lp64_product} {ergonomic}
     bool UseG1GC                                  = true                                      {product} {ergonomic}
     bool UseLargePagesIndividualAllocation        = false                                  {pd product} {ergonomic}

Logging:
Log output configuration:
 #0: stdout all=warning uptime,level,tags
 #1: stderr all=off uptime,level,tags

Environment Variables:
JAVA_HOME=C:\Program Files\Java\jdk-1.8\bin
PATH=C:\Program Files\Common Files\Oracle\Java\javapath;C:\Program Files (x86)\Common Files\Oracle\Java\java8path;C:\Program Files (x86)\Common Files\Oracle\Java\javapath;C:\oraclexe\app\oracle\product\11.2.0\server\bin;C:\WINDOWS\system32;C:\WINDOWS;C:\WINDOWS\System32\Wbem;C:\WINDOWS\System32\WindowsPowerShell\v1.0\;C:\WINDOWS\System32\OpenSSH\;C:\Program Files\Graphviz\bin;C:\Program Files\Graphviz\bin\dot.exe;C:\Program Files\Java\jdk-1.8\bin;C:\Program Files\nodejs\;C:\Program Files\PuTTY\;C:\Program Files\Docker\Docker\resources\bin;C:\Program Files\Git\cmd;C:\Users\smhrd1\anaconda3;C:\Users\smhrd1\anaconda3\Library\mingw-w64\bin;C:\Users\smhrd1\anaconda3\Library\usr\bin;C:\Users\smhrd1\anaconda3\Library\bin;C:\Users\smhrd1\anaconda3\Scripts;C:\Users\smhrd1\AppData\Local\Microsoft\WindowsApps;C:\Users\smhrd1\AppData\Local\Programs\Microsoft VS Code\bin;C:\Program Files\Graphviz\bin;C:\Program Files\Java\jdk-1.8\bin;C:\Users\smhrd1\AppData\Roaming\npm;C:\Program Files\JetBrains\PyCharm Community Edition 2024.1.4\bin;
USERNAME=smhrd1
OS=Windows_NT
PROCESSOR_IDENTIFIER=Intel64 Family 6 Model 154 Stepping 3, GenuineIntel



---------------  S Y S T E M  ---------------

OS:
 Windows 11 , 64 bit Build 22621 (10.0.22621.3672)
OS uptime: 8 days 3:04 hours
Hyper-V role detected

CPU: total 20 (initial active 20) (10 cores per cpu, 2 threads per core) family 6 model 154 stepping 3 microcode 0x42c, cx8, cmov, fxsr, ht, mmx, 3dnowpref, sse, sse2, sse3, ssse3, sse4.1, sse4.2, popcnt, lzcnt, tsc, tscinvbit, avx, avx2, aes, erms, clmul, bmi1, bmi2, adx, sha, fma, vzeroupper, clflush, clflushopt, clwb, hv

Memory: 4k page, system-wide physical 16049M (3800M free)
TotalPageFile size 46457M (AvailPageFile size 189M)
current process WorkingSet (physical memory assigned to process): 11M, peak: 11M
current process commit charge ("private bytes"): 70M, peak: 322M

vm_info: Java HotSpot(TM) 64-Bit Server VM (17.0.12+8-LTS-286) for windows-amd64 JRE (17.0.12+8-LTS-286), built on Jun  5 2024 06:46:59 by "mach5one" with MS VC++ 17.6 (VS2022)

END.
